<?xml version="1.0" encoding="UTF-8"?>
<!-- Generated by org.testng.reporters.JUnitReportReporter -->
<testsuite hostname="MAVBCP1174" failures="0" tests="2" name="com.testNG.AnnotationsJ" time="0.019" errors="0" timestamp="2021-12-02T16:08:27 IST" skipped="0">
  <testcase classname="com.testNG.AnnotationsJ" name="test20" time="0.003"/>
  <system-out/>
  <testcase classname="com.testNG.AnnotationsJ" name="test10" time="0.016"/>
  <system-out/>
</testsuite> <!-- com.testNG.AnnotationsJ -->
