<?xml version="1.0" encoding="UTF-8"?>
<!-- Generated by org.testng.reporters.JUnitReportReporter -->
<testsuite hostname="MAVBCP1174" failures="0" tests="1" name="com.testNG.ParallelTwo" time="0.021" errors="0" timestamp="2021-12-02T16:52:34 IST" skipped="0">
  <testcase classname="com.testNG.ParallelTwo" name="testCase1" time="0.021"/>
  <system-out/>
</testsuite> <!-- com.testNG.ParallelTwo -->
