<?xml version="1.0" encoding="UTF-8"?>
<!-- Generated by org.testng.reporters.JUnitReportReporter -->
<testsuite hostname="MAVBCP1174" failures="0" tests="2" name="com.testNG.Annotations" time="0.021" errors="0" timestamp="2021-12-02T15:49:00 IST" skipped="0">
  <testcase classname="com.testNG.Annotations" name="test10" time="0.011"/>
  <system-out/>
  <testcase classname="com.testNG.Annotations" name="test5" time="0.010"/>
  <system-out/>
</testsuite> <!-- com.testNG.Annotations -->
