<?xml version="1.0" encoding="UTF-8"?>
<!-- Generated by org.testng.reporters.JUnitReportReporter -->
<testsuite hostname="MAVBCP1174" failures="0" tests="2" name="com.testNG.Grouping" time="0.028" errors="0" timestamp="2021-12-02T16:17:57 IST" skipped="0">
  <testcase classname="com.testNG.Grouping" name="test20" time="0.006"/>
  <system-out/>
  <testcase classname="com.testNG.Grouping" name="test10" time="0.022"/>
  <system-out/>
</testsuite> <!-- com.testNG.Grouping -->
