<?xml version="1.0" encoding="UTF-8"?>
<!-- Generated by org.testng.reporters.JUnitReportReporter -->
<testsuite hostname="MAVBCP1174" failures="0" tests="3" name="com.testNG.DataProviders" time="0.012" errors="0" timestamp="2021-12-02T16:34:50 IST" skipped="0">
  <testcase classname="com.testNG.DataProviders" name="testMethod1" time="0.002"/>
  <system-out/>
  <testcase classname="com.testNG.DataProviders" name="testMethod1" time="0.002"/>
  <system-out/>
  <testcase classname="com.testNG.DataProviders" name="testMethod1" time="0.008"/>
  <system-out/>
</testsuite> <!-- com.testNG.DataProviders -->
