<?xml version="1.0" encoding="UTF-8"?>
<!-- Generated by org.testng.reporters.JUnitReportReporter -->
<testsuite hostname="MAVBCP1174" failures="0" tests="1" name="com.testNG.Parameterization" time="0.018" errors="0" timestamp="2021-12-02T16:26:58 IST" skipped="0">
  <testcase classname="com.testNG.Parameterization" name="parameterTest" time="0.018"/>
  <system-out/>
</testsuite> <!-- com.testNG.Parameterization -->
